SF:lib\protocol.dart
DA:21,1
DA:22,1
DA:24,1
DA:25,1
DA:27,1
DA:30,1
DA:31,1
DA:32,1
DA:34,2
DA:35,1
DA:36,2
DA:40,1
DA:41,1
DA:42,1
DA:43,1
DA:44,1
DA:45,1
DA:46,2
DA:47,2
DA:48,1
DA:49,1
DA:50,1
DA:51,1
DA:52,1
DA:56,1
DA:57,5
DA:58,2
DA:59,2
DA:60,3
DA:63,1
DA:64,2
DA:65,2
DA:66,2
DA:68,1
DA:70,1
DA:73,1
DA:76,1
DA:79,1
DA:83,1
DA:84,1
DA:85,1
DA:86,1
DA:87,1
DA:93,1
DA:94,1
DA:95,1
DA:96,1
DA:97,2
DA:101,1
DA:102,2
DA:103,0
DA:104,0
DA:108,1
DA:109,2
DA:110,1
DA:111,1
DA:112,3
DA:117,1
DA:119,2
DA:120,1
DA:122,1
DA:141,1
DA:165,2
DA:175,1
DA:177,3
DA:184,3
DA:187,3
DA:190,3
DA:192,0
DA:194,0
DA:195,0
DA:198,1
DA:202,1
DA:203,3
DA:204,0
DA:205,0
DA:206,0
DA:207,0
DA:210,1
DA:212,3
DA:213,3
DA:214,3
DA:215,3
DA:216,2
DA:220,1
DA:228,1
DA:229,0
DA:230,0
DA:231,1
DA:232,1
DA:233,1
DA:234,1
DA:245,1
DA:247,1
DA:249,1
DA:251,1
DA:266,1
DA:268,1
DA:270,1
DA:272,1
DA:274,1
LF:101
LH:90
end_of_record
SF:lib\weight_scale_manager.dart
DA:29,1
DA:36,1
DA:40,1
DA:47,1
DA:48,1
DA:52,1
DA:55,2
DA:57,1
DA:60,0
DA:64,0
DA:65,0
DA:66,0
DA:67,0
DA:68,0
DA:69,0
DA:71,0
DA:73,0
DA:74,0
DA:75,1
DA:76,0
DA:77,0
DA:80,2
DA:81,3
DA:86,0
DA:88,0
DA:89,0
DA:90,0
DA:92,0
DA:93,0
DA:94,0
DA:97,0
DA:100,0
DA:101,0
DA:102,0
DA:104,0
DA:105,0
DA:106,0
DA:108,0
DA:109,0
DA:112,0
DA:113,0
DA:117,0
DA:121,0
DA:124,0
DA:126,0
DA:127,0
DA:128,0
DA:129,0
DA:132,0
DA:133,0
DA:134,0
DA:136,0
DA:138,0
DA:139,0
DA:140,0
DA:141,0
DA:146,0
DA:149,0
DA:151,0
DA:152,0
DA:153,0
DA:155,0
DA:157,0
DA:159,0
DA:160,0
DA:161,0
DA:166,0
DA:168,0
DA:171,0
DA:172,0
DA:173,0
DA:174,0
DA:177,0
DA:183,0
DA:184,0
DA:186,0
DA:187,0
DA:188,0
DA:189,0
DA:192,0
DA:193,0
DA:195,0
DA:196,0
DA:199,0
DA:200,0
DA:201,0
DA:206,0
DA:207,0
DA:211,0
DA:212,0
DA:213,0
DA:214,0
DA:221,0
DA:223,0
DA:225,0
DA:226,0
DA:227,0
DA:228,0
DA:229,0
DA:230,0
DA:231,0
DA:232,0
DA:235,0
DA:236,0
DA:237,0
DA:238,0
DA:239,0
DA:240,0
DA:241,0
DA:245,0
DA:246,0
DA:247,0
DA:248,0
DA:249,0
DA:252,0
DA:253,0
DA:254,0
DA:255,0
DA:256,0
DA:257,0
DA:258,0
DA:265,1
DA:267,2
DA:268,1
DA:269,1
DA:270,1
DA:273,1
DA:276,1
DA:279,0
DA:280,0
DA:282,0
DA:284,0
DA:285,0
DA:290,0
DA:291,0
DA:296,0
DA:297,0
DA:299,1
DA:300,1
DA:302,1
DA:303,1
DA:306,0
DA:307,0
DA:308,0
DA:312,1
DA:313,1
DA:314,0
DA:316,0
LF:148
LH:24
end_of_record
SF:lib\weight_scale_device.dart
DA:7,1
DA:14,1
DA:15,1
DA:16,1
DA:17,1
DA:18,1
DA:22,1
DA:23,1
DA:24,1
DA:25,1
DA:26,1
DA:30,1
DA:32,5
DA:35,1
DA:36,4
DA:39,1
DA:41,4
LF:17
LH:17
end_of_record
SF:lib\core\config.dart
DA:20,2
DA:49,1
DA:56,0
DA:57,0
DA:58,0
DA:59,0
DA:60,0
DA:70,2
DA:76,1
DA:77,3
DA:78,3
DA:79,3
LF:12
LH:7
end_of_record
SF:lib\core\logger.dart
DA:16,2
DA:21,1
DA:23,5
DA:26,0
DA:28,0
DA:31,0
DA:33,0
DA:36,1
DA:38,1
DA:39,4
DA:40,4
DA:41,4
DA:48,1
DA:50,1
DA:53,1
DA:56,1
DA:59,1
LF:17
LH:13
end_of_record
SF:lib\core\result.dart
DA:3,3
DA:8,2
DA:16,3
DA:18,0
DA:20,0
DA:25,2
DA:26,2
DA:28,3
DA:29,2
DA:31,1
DA:34,3
DA:35,2
LF:12
LH:10
end_of_record
